<?xml version="1.0" encoding="UTF-8"?>
<testng-results skipped="0" failed="2" total="8" passed="6">
  <reporter-output>
  </reporter-output>
  <suite name="Default suite" duration-ms="57984" started-at="2017-05-12T06:25:48Z" finished-at="2017-05-12T06:26:46Z">
    <groups>
    </groups>
    <test name="Default test" duration-ms="57984" started-at="2017-05-12T06:25:48Z" finished-at="2017-05-12T06:26:46Z">
      <class name="malive.InformationalRun">
        <test-method status="PASS" signature="Browserinvoke()[pri:0, instance:malive.InformationalRun@402f32ff]" name="Browserinvoke" is-config="true" duration-ms="20541" started-at="2017-05-12T11:55:48Z" finished-at="2017-05-12T11:56:08Z">
          <reporter-output>
          </reporter-output>
        </test-method> <!-- Browserinvoke -->
        <test-method status="FAIL" signature="dshboardView()[pri:0, instance:malive.InformationalRun@402f32ff]" name="dshboardView" duration-ms="12296" started-at="2017-05-12T11:56:08Z" finished-at="2017-05-12T11:56:20Z">
          <exception class="java.lang.NullPointerException">
            <full-stacktrace>
              <![CDATA[java.lang.NullPointerException
	at malive.InformationalMethod.L1_dashboardView(InformationalMethod.java:125)
	at malive.InformationalRun.dshboardView(InformationalRun.java:22)
	at sun.reflect.NativeMethodAccessorImpl.invoke0(Native Method)
	at sun.reflect.NativeMethodAccessorImpl.invoke(Unknown Source)
	at sun.reflect.DelegatingMethodAccessorImpl.invoke(Unknown Source)
	at java.lang.reflect.Method.invoke(Unknown Source)
	at org.testng.internal.MethodInvocationHelper.invokeMethod(MethodInvocationHelper.java:85)
	at org.testng.internal.Invoker.invokeMethod(Invoker.java:659)
	at org.testng.internal.Invoker.invokeTestMethod(Invoker.java:845)
	at org.testng.internal.Invoker.invokeTestMethods(Invoker.java:1153)
	at org.testng.internal.TestMethodWorker.invokeTestMethods(TestMethodWorker.java:125)
	at org.testng.internal.TestMethodWorker.run(TestMethodWorker.java:108)
	at org.testng.TestRunner.privateRun(TestRunner.java:771)
	at org.testng.TestRunner.run(TestRunner.java:621)
	at org.testng.SuiteRunner.runTest(SuiteRunner.java:357)
	at org.testng.SuiteRunner.runSequentially(SuiteRunner.java:352)
	at org.testng.SuiteRunner.privateRun(SuiteRunner.java:310)
	at org.testng.SuiteRunner.run(SuiteRunner.java:259)
	at org.testng.SuiteRunnerWorker.runSuite(SuiteRunnerWorker.java:52)
	at org.testng.SuiteRunnerWorker.run(SuiteRunnerWorker.java:86)
	at org.testng.TestNG.runSuitesSequentially(TestNG.java:1199)
	at org.testng.TestNG.runSuitesLocally(TestNG.java:1124)
	at org.testng.TestNG.run(TestNG.java:1032)
	at org.testng.remote.AbstractRemoteTestNG.run(AbstractRemoteTestNG.java:132)
	at org.testng.remote.RemoteTestNG.initAndRun(RemoteTestNG.java:230)
	at org.testng.remote.RemoteTestNG.main(RemoteTestNG.java:76)
]]>
            </full-stacktrace>
          </exception> <!-- java.lang.NullPointerException -->
          <reporter-output>
          </reporter-output>
        </test-method> <!-- dshboardView -->
        <test-method status="PASS" signature="campaignNaivation()[pri:0, instance:malive.InformationalRun@402f32ff]" name="campaignNaivation" duration-ms="1702" started-at="2017-05-12T11:56:20Z" finished-at="2017-05-12T11:56:22Z">
          <reporter-output>
          </reporter-output>
        </test-method> <!-- campaignNaivation -->
        <test-method status="PASS" signature="campaignCreation()[pri:0, instance:malive.InformationalRun@402f32ff]" name="campaignCreation" duration-ms="5350" started-at="2017-05-12T11:56:22Z" finished-at="2017-05-12T11:56:28Z">
          <reporter-output>
          </reporter-output>
        </test-method> <!-- campaignCreation -->
        <test-method status="PASS" signature="defineCmapaign()[pri:0, instance:malive.InformationalRun@402f32ff]" name="defineCmapaign" duration-ms="8181" started-at="2017-05-12T11:56:28Z" finished-at="2017-05-12T11:56:36Z">
          <reporter-output>
          </reporter-output>
        </test-method> <!-- defineCmapaign -->
        <test-method status="PASS" signature="subscriptionCriteria()[pri:0, instance:malive.InformationalRun@402f32ff]" name="subscriptionCriteria" duration-ms="166" started-at="2017-05-12T11:56:36Z" finished-at="2017-05-12T11:56:36Z">
          <reporter-output>
          </reporter-output>
        </test-method> <!-- subscriptionCriteria -->
        <test-method status="PASS" signature="storeSlection()[pri:0, instance:malive.InformationalRun@402f32ff]" name="storeSlection" duration-ms="2949" started-at="2017-05-12T11:56:36Z" finished-at="2017-05-12T11:56:39Z">
          <reporter-output>
          </reporter-output>
        </test-method> <!-- storeSlection -->
        <test-method status="FAIL" signature="definingResponse()[pri:0, instance:malive.InformationalRun@402f32ff]" name="definingResponse" duration-ms="1701" started-at="2017-05-12T11:56:39Z" finished-at="2017-05-12T11:56:41Z">
          <exception class="java.lang.AssertionError">
            <message>
              <![CDATA[expected [true] but found [false]]]>
            </message>
            <full-stacktrace>
              <![CDATA[java.lang.AssertionError: expected [true] but found [false]
	at org.testng.Assert.fail(Assert.java:94)
	at org.testng.Assert.failNotEquals(Assert.java:496)
	at org.testng.Assert.assertEquals(Assert.java:125)
	at org.testng.Assert.assertEquals(Assert.java:288)
	at org.testng.Assert.assertEquals(Assert.java:298)
	at malive.InformationalRun.definingResponse(InformationalRun.java:59)
	at sun.reflect.NativeMethodAccessorImpl.invoke0(Native Method)
	at sun.reflect.NativeMethodAccessorImpl.invoke(Unknown Source)
	at sun.reflect.DelegatingMethodAccessorImpl.invoke(Unknown Source)
	at java.lang.reflect.Method.invoke(Unknown Source)
	at org.testng.internal.MethodInvocationHelper.invokeMethod(MethodInvocationHelper.java:85)
	at org.testng.internal.Invoker.invokeMethod(Invoker.java:659)
	at org.testng.internal.Invoker.invokeTestMethod(Invoker.java:845)
	at org.testng.internal.Invoker.invokeTestMethods(Invoker.java:1153)
	at org.testng.internal.TestMethodWorker.invokeTestMethods(TestMethodWorker.java:125)
	at org.testng.internal.TestMethodWorker.run(TestMethodWorker.java:108)
	at org.testng.TestRunner.privateRun(TestRunner.java:771)
	at org.testng.TestRunner.run(TestRunner.java:621)
	at org.testng.SuiteRunner.runTest(SuiteRunner.java:357)
	at org.testng.SuiteRunner.runSequentially(SuiteRunner.java:352)
	at org.testng.SuiteRunner.privateRun(SuiteRunner.java:310)
	at org.testng.SuiteRunner.run(SuiteRunner.java:259)
	at org.testng.SuiteRunnerWorker.runSuite(SuiteRunnerWorker.java:52)
	at org.testng.SuiteRunnerWorker.run(SuiteRunnerWorker.java:86)
	at org.testng.TestNG.runSuitesSequentially(TestNG.java:1199)
	at org.testng.TestNG.runSuitesLocally(TestNG.java:1124)
	at org.testng.TestNG.run(TestNG.java:1032)
	at org.testng.remote.AbstractRemoteTestNG.run(AbstractRemoteTestNG.java:132)
	at org.testng.remote.RemoteTestNG.initAndRun(RemoteTestNG.java:230)
	at org.testng.remote.RemoteTestNG.main(RemoteTestNG.java:76)
]]>
            </full-stacktrace>
          </exception> <!-- java.lang.AssertionError -->
          <reporter-output>
          </reporter-output>
        </test-method> <!-- definingResponse -->
        <test-method status="PASS" signature="scheduling()[pri:0, instance:malive.InformationalRun@402f32ff]" name="scheduling" duration-ms="5088" started-at="2017-05-12T11:56:41Z" finished-at="2017-05-12T11:56:46Z">
          <reporter-output>
          </reporter-output>
        </test-method> <!-- scheduling -->
      </class> <!-- malive.InformationalRun -->
    </test> <!-- Default test -->
  </suite> <!-- Default suite -->
</testng-results>
